#
# There is insufficient memory for the Java Runtime Environment to continue.
# Native memory allocation (malloc) failed to allocate 32744 bytes for ChunkPool::allocate
# Possible reasons:
#   The system is out of physical RAM or swap space
#   The process is running with CompressedOops enabled, and the Java Heap may be blocking the growth of the native heap
# Possible solutions:
#   Reduce memory load on the system
#   Increase physical memory or swap space
#   Check if swap backing store is full
#   Decrease Java heap size (-Xmx/-Xms)
#   Decrease number of Java threads
#   Decrease Java thread stack sizes (-Xss)
#   Set larger code cache with -XX:ReservedCodeCacheSize=
#   JVM is running with Unscaled Compressed Oops mode in which the Java heap is
#     placed in the first 4GB address space. The Java Heap base address is the
#     maximum limit for the native heap growth. Please use -XX:HeapBaseMinAddress
#     to set the Java Heap base and to place the Java Heap above 4GB virtual address.
# This output file may be truncated or incomplete.
#
#  Out of Memory Error (allocation.cpp:272), pid=5692, tid=0x0000000000005b60
#
# JRE version: Java(TM) SE Runtime Environment (8.0_202-b08) (build 1.8.0_202-b08)
# Java VM: Java HotSpot(TM) 64-Bit Server VM (25.202-b08 mixed mode windows-amd64 compressed oops)
# Failed to write core dump. Minidumps are not enabled by default on client versions of Windows
#

---------------  T H R E A D  ---------------

Current thread (0x0000000017cc9000):  JavaThread "C2 CompilerThread1" daemon [_thread_in_vm, id=23392, stack(0x0000000019420000,0x0000000019520000)]

Stack: [0x0000000019420000,0x0000000019520000]
[error occurred during error reporting (printing stack bounds), id 0xc0000005]

Native frames: (J=compiled Java code, j=interpreted, Vv=VM code, C=native code)


Current CompileTask:
C2:    234  175       4       jdk.internal.org.objectweb.asm.ByteVector::putUTF8 (142 bytes)


---------------  P R O C E S S  ---------------

Java Threads: ( => current thread )
  0x0000000019649000 JavaThread "Service Thread" daemon [_thread_blocked, id=19776, stack(0x0000000019a20000,0x0000000019b20000)]
  0x0000000017cd3000 JavaThread "C1 CompilerThread2" daemon [_thread_in_vm, id=23592, stack(0x0000000019520000,0x0000000019620000)]
=>0x0000000017cc9000 JavaThread "C2 CompilerThread1" daemon [_thread_in_vm, id=23392, stack(0x0000000019420000,0x0000000019520000)]
  0x0000000017cc5000 JavaThread "C2 CompilerThread0" daemon [_thread_blocked, id=23040, stack(0x0000000019320000,0x0000000019420000)]
  0x0000000017cc3000 JavaThread "Attach Listener" daemon [_thread_blocked, id=3796, stack(0x0000000019220000,0x0000000019320000)]
  0x0000000017cc1800 JavaThread "Signal Dispatcher" daemon [_thread_blocked, id=22652, stack(0x0000000019120000,0x0000000019220000)]
  0x000000000319a800 JavaThread "Finalizer" daemon [_thread_blocked, id=12992, stack(0x0000000018f20000,0x0000000019020000)]
  0x0000000017caa000 JavaThread "Reference Handler" daemon [_thread_blocked, id=23736, stack(0x0000000018e20000,0x0000000018f20000)]
  0x000000000171d800 JavaThread "main" [_thread_in_vm, id=23928, stack(0x0000000002f00000,0x0000000003000000)]

Other Threads:
  0x0000000017c88000 VMThread [stack: 0x0000000018d20000,0x0000000018e20000] [id=23120]
  0x000000001966a800 WatcherThread [stack: 0x0000000019b20000,0x0000000019c20000] [id=14208]

VM state:not at safepoint (normal execution)

VM Mutex/Monitor currently owned by a thread:  ([mutex/lock_event])
[0x00000000017187a0] CodeCache_lock - owner thread: 0x0000000017cd3000
[0x00000000030a10d0] Compile_lock - owner thread: 0x0000000017cd3000
[0x00000000030a07d0] MethodCompileQueue_lock - owner thread: 0x0000000017cd3000

heap address: 0x0000000081e00000, size: 2018 MB, Compressed Oops mode: 32-bit
Narrow klass base: 0x0000000000000000, Narrow klass shift: 3
Compressed class space size: 1073741824 Address: 0x0000000100000000

Heap:
 PSYoungGen      total 38400K, used 2667K [0x00000000d5f80000, 0x00000000d8a00000, 0x0000000100000000)
  eden space 33280K, 8% used [0x00000000d5f80000,0x00000000d621ada8,0x00000000d8000000)
  from space 5120K, 0% used [0x00000000d8500000,0x00000000d8500000,0x00000000d8a00000)
  to   space 5120K, 0% used [0x00000000d8000000,0x00000000d8000000,0x00000000d8500000)
 ParOldGen       total 87552K, used 0K [0x0000000081e00000, 0x0000000087380000, 0x00000000d5f80000)
  object space 87552K, 0% used [0x0000000081e00000,0x0000000081e00000,0x0000000087380000)
 Metaspace       used 4045K, capacity 4666K, committed 4864K, reserved 1056768K
  class space    used 455K, capacity 510K, committed 512K, reserved 1048576K

Card table byte_map: [0x0000000012560000,0x0000000012960000] byte_map_base: 0x0000000012151000

Marking Bits: (ParMarkBitMap*) 0x000000005eac5ce0
 Begin Bits: [0x0000000013010000, 0x0000000014f98000)
 End Bits:   [0x0000000014f98000, 0x0000000016f20000)

Polling page: 0x0000000001700000

CodeCache: size=245760Kb used=1381Kb max_used=1381Kb free=244378Kb
 bounds [0x00000000031a0000, 0x0000000003410000, 0x00000000121a0000]
 total_blobs=432 nmethods=167 adapters=177
 compilation: enabled

Compilation events (10 events):
Event: 0.223 Thread 0x0000000017cd3000  154       3       java.lang.StringBuilder::<init> (7 bytes)
Event: 0.223 Thread 0x0000000017cd3000 nmethod 154 0x00000000032e9e50 code [0x00000000032e9fc0, 0x00000000032ea270]
Event: 0.223 Thread 0x0000000017cd3000  155       3       java.lang.invoke.InvokerBytecodeGenerator::isStaticallyNameable (116 bytes)
Event: 0.225 Thread 0x0000000017cd3000 nmethod 155 0x00000000032ea690 code [0x00000000032eaa00, 0x00000000032ecad8]
Event: 0.225 Thread 0x0000000017cd3000  157       3       jdk.internal.org.objectweb.asm.Item::isEqualTo (354 bytes)
Event: 0.226 Thread 0x0000000017cc5000  163       4       java.lang.AbstractStringBuilder::ensureCapacityInternal (27 bytes)
Event: 0.226 Thread 0x0000000017cd3000 nmethod 157 0x00000000032edd90 code [0x00000000032edfc0, 0x00000000032eec88]
Event: 0.226 Thread 0x0000000017cd3000  162       3       jdk.internal.org.objectweb.asm.Frame::execute (2252 bytes)
Event: 0.229 Thread 0x0000000017cc5000 nmethod 163 0x00000000032f2810 code [0x00000000032f2960, 0x00000000032f2c08]
Event: 0.232 Thread 0x0000000017cc9000  175       4       jdk.internal.org.objectweb.asm.ByteVector::putUTF8 (142 bytes)

GC Heap History (0 events):
No events

Deoptimization events (0 events):
No events

Classes redefined (0 events):
No events

Internal exceptions (8 events):
Event: 0.037 Thread 0x000000000171d800 Exception <a 'java/lang/NoSuchMethodError': Method sun.misc.Unsafe.defineClass(Ljava/lang/String;[BII)Ljava/lang/Class; name or signature does not match> (0x00000000d5f87cb0) thrown at [C:\re\workspace\8-2-build-windows-amd64-cygwin\jdk8u202\12323\hotspot
Event: 0.037 Thread 0x000000000171d800 Exception <a 'java/lang/NoSuchMethodError': Method sun.misc.Unsafe.prefetchRead(Ljava/lang/Object;J)V name or signature does not match> (0x00000000d5f87f98) thrown at [C:\re\workspace\8-2-build-windows-amd64-cygwin\jdk8u202\12323\hotspot\src\share\vm\prim
Event: 0.152 Thread 0x000000000171d800 Exception <a 'java/security/PrivilegedActionException'> (0x00000000d6019208) thrown at [C:\re\workspace\8-2-build-windows-amd64-cygwin\jdk8u202\12323\hotspot\src\share\vm\prims\jvm.cpp, line 1502]
Event: 0.152 Thread 0x000000000171d800 Exception <a 'java/security/PrivilegedActionException'> (0x00000000d6019418) thrown at [C:\re\workspace\8-2-build-windows-amd64-cygwin\jdk8u202\12323\hotspot\src\share\vm\prims\jvm.cpp, line 1502]
Event: 0.153 Thread 0x000000000171d800 Exception <a 'java/security/PrivilegedActionException'> (0x00000000d601d328) thrown at [C:\re\workspace\8-2-build-windows-amd64-cygwin\jdk8u202\12323\hotspot\src\share\vm\prims\jvm.cpp, line 1502]
Event: 0.153 Thread 0x000000000171d800 Exception <a 'java/security/PrivilegedActionException'> (0x00000000d601d538) thrown at [C:\re\workspace\8-2-build-windows-amd64-cygwin\jdk8u202\12323\hotspot\src\share\vm\prims\jvm.cpp, line 1502]
Event: 0.160 Thread 0x000000000171d800 Exception <a 'java/io/FileNotFoundException'> (0x00000000d601f468) thrown at [C:\re\workspace\8-2-build-windows-amd64-cygwin\jdk8u202\12323\hotspot\src\share\vm\prims\jni.cpp, line 710]
Event: 0.231 Thread 0x000000000171d800 Exception <a 'java/lang/NoSuchFieldError': method resolution failed> (0x00000000d6197800) thrown at [C:\re\workspace\8-2-build-windows-amd64-cygwin\jdk8u202\12323\hotspot\src\share\vm\prims\methodHandles.cpp, line 1167]

Events (10 events):
Event: 0.206 loading class java/lang/invoke/WrongMethodTypeException
Event: 0.207 loading class java/lang/invoke/WrongMethodTypeException done
Event: 0.211 loading class java/lang/invoke/MethodHandleImpl$Lazy
Event: 0.211 loading class java/lang/invoke/MethodHandleImpl$Lazy done
Event: 0.212 loading class java/lang/invoke/MethodHandleImpl$IntrinsicMethodHandle
Event: 0.212 loading class java/lang/invoke/MethodHandleImpl$IntrinsicMethodHandle done
Event: 0.231 loading class java/lang/NoSuchFieldError
Event: 0.231 loading class java/lang/NoSuchFieldError done
Event: 0.231 loading class java/lang/IllegalAccessException
Event: 0.231 loading class java/lang/IllegalAccessException done


Dynamic libraries:
0x00007ff69ceb0000 - 0x00007ff69cee7000 	C:\Program Files\Java\jdk1.8.0_202\bin\java.exe
0x00007fff32c30000 - 0x00007fff32e25000 	C:\WINDOWS\SYSTEM32\ntdll.dll
0x00007fff31010000 - 0x00007fff310ce000 	C:\WINDOWS\System32\KERNEL32.DLL
0x00007fff305a0000 - 0x00007fff30868000 	C:\WINDOWS\System32\KERNELBASE.dll
0x00007fff30ee0000 - 0x00007fff30f8c000 	C:\WINDOWS\System32\ADVAPI32.dll
0x00007fff31f20000 - 0x00007fff31fbe000 	C:\WINDOWS\System32\msvcrt.dll
0x00007fff32640000 - 0x00007fff326db000 	C:\WINDOWS\System32\sechost.dll
0x00007fff312b0000 - 0x00007fff313da000 	C:\WINDOWS\System32\RPCRT4.dll
0x00007fff30d30000 - 0x00007fff30ed1000 	C:\WINDOWS\System32\USER32.dll
0x00007fff30980000 - 0x00007fff309a2000 	C:\WINDOWS\System32\win32u.dll
0x00007fff32020000 - 0x00007fff3204b000 	C:\WINDOWS\System32\GDI32.dll
0x00007fff30a60000 - 0x00007fff30b6d000 	C:\WINDOWS\System32\gdi32full.dll
0x00007fff30340000 - 0x00007fff303dd000 	C:\WINDOWS\System32\msvcp_win.dll
0x00007fff30b70000 - 0x00007fff30c70000 	C:\WINDOWS\System32\ucrtbase.dll
0x00007fff2f6e0000 - 0x00007fff2f97a000 	C:\WINDOWS\WinSxS\amd64_microsoft.windows.common-controls_6595b64144ccf1df_6.0.19041.1110_none_60b5254171f9507e\COMCTL32.dll
0x00007fff31450000 - 0x00007fff31480000 	C:\WINDOWS\System32\IMM32.DLL
0x000000005e1c0000 - 0x000000005e292000 	C:\Program Files\Java\jdk1.8.0_202\jre\bin\msvcr100.dll
0x000000005e2a0000 - 0x000000005eb45000 	C:\Program Files\Java\jdk1.8.0_202\jre\bin\server\jvm.dll
0x00007fff30c70000 - 0x00007fff30c78000 	C:\WINDOWS\System32\PSAPI.DLL
0x00007fff1abd0000 - 0x00007fff1abd9000 	C:\WINDOWS\SYSTEM32\WSOCK32.dll
0x00007fff1c800000 - 0x00007fff1c827000 	C:\WINDOWS\SYSTEM32\WINMM.dll
0x00007fff1f8b0000 - 0x00007fff1f8ba000 	C:\WINDOWS\SYSTEM32\VERSION.dll
0x00007fff313e0000 - 0x00007fff3144b000 	C:\WINDOWS\System32\WS2_32.dll
0x00007fff1f310000 - 0x00007fff1f31f000 	C:\Program Files\Java\jdk1.8.0_202\jre\bin\verify.dll
0x00007ffeff5f0000 - 0x00007ffeff619000 	C:\Program Files\Java\jdk1.8.0_202\jre\bin\java.dll
0x00007fff0f0b0000 - 0x00007fff0f0c6000 	C:\Program Files\Java\jdk1.8.0_202\jre\bin\zip.dll
0x00007fff317d0000 - 0x00007fff31f14000 	C:\WINDOWS\System32\SHELL32.dll
0x00007fff2d750000 - 0x00007fff2dee4000 	C:\WINDOWS\SYSTEM32\windows.storage.dll
0x00007fff32050000 - 0x00007fff323a5000 	C:\WINDOWS\System32\combase.dll
0x00007fff2f640000 - 0x00007fff2f66e000 	C:\WINDOWS\SYSTEM32\Wldp.dll
0x00007fff30c80000 - 0x00007fff30d2d000 	C:\WINDOWS\System32\SHCORE.dll
0x00007fff314f0000 - 0x00007fff31545000 	C:\WINDOWS\System32\shlwapi.dll
0x00007fff30280000 - 0x00007fff3029f000 	C:\WINDOWS\SYSTEM32\profapi.dll
0x00007ffea8650000 - 0x00007ffea87e9000 	C:\Program Files\Java\jdk1.8.0_202\jre\bin\awt.dll
0x00007fff31130000 - 0x00007fff311fd000 	C:\WINDOWS\System32\OLEAUT32.dll
0x00007fff2ce70000 - 0x00007fff2cf00000 	C:\WINDOWS\SYSTEM32\apphelp.dll

VM Arguments:
jvm_args: -Dfile.encoding=UTF-8 
java_command: airline.management.system.Login
java_class_path (initial): C:\Users\User\Downloads\rs2xml.jar;G:\;C:\Users\User\Downloads\Compressed\MySQL Installer\mysql-connector-java-8.0.21.jar;C:\netbeans\ide\modules\ext\postgresql-42.2.10.jar;G:\Airline-fullManagement-System\build\classes
Launcher Type: SUN_STANDARD

Environment Variables:
JAVA_HOME=C:\Program Files\Java
PATH=C:\Program Files (x86)\Common Files\Oracle\Java\javapath;C:\Python 3.10\Scripts\;C:\Python 3.10\;C:\oraclexe\app\oracle\product\11.2.0\server\bin;C:\WINDOWS\system32;C:\WINDOWS;C:\WINDOWS\System32\Wbem;C:\WINDOWS\System32\WindowsPowerShell\v1.0\;C:\WINDOWS\System32\OpenSSH\;C:\Program Files\Java\jdk1.8.0_202\bin;C:\Program Files\Java\jre1.8.0_202\bin;C:\Program Files\MySQL\MySQL Server 5.5\bin;C:\MinGW\bin;C:\Users\User\AppData\Local\Microsoft\WindowsApps;C:\Users\User\AppData\Local\Programs\Microsoft VS Code\bin;C:\Program Files\CodeBlocks\MinGW\bin;C:\Program Files\Java;
USERNAME=User
OS=Windows_NT
PROCESSOR_IDENTIFIER=Intel64 Family 6 Model 61 Stepping 4, GenuineIntel



---------------  S Y S T E M  ---------------

OS: Windows 10.0 , 64 bit Build 19041 (10.0.19041.1348)

CPU:total 4 (initial active 4) (2 cores per cpu, 2 threads per core) family 6 model 61 stepping 4, cmov, cx8, fxsr, mmx, sse, sse2, sse3, ssse3, sse4.1, sse4.2, popcnt, avx, avx2, aes, clmul, erms, rtm, 3dnowpref, lzcnt, ht, tsc, tscinvbit, bmi1, bmi2, adx

Memory: 4k page, physical 8260716k(997220k free), swap 23747448k(3348k free)

vm_info: Java HotSpot(TM) 64-Bit Server VM (25.202-b08) for windows-amd64 JRE (1.8.0_202-b08), built on Dec 15 2018 19:54:30 by "java_re" with MS VC++ 10.0 (VS2010)

time: Mon Jan 10 23:57:17 2022
timezone: Bangladesh Standard Time
elapsed time: 0 seconds (0d 0h 0m 0s)

